SF:C:\Users\Usuario\source\repos\api-encuesta\Application\JwtService.cs
FN:13,System.String Application.JwtService::GenerateToken(System.String)
FNDA:1,System.String Application.JwtService::GenerateToken(System.String)
DA:14,1
DA:15,1
DA:16,1
DA:17,1
DA:18,1
DA:19,1
DA:20,1
DA:22,1
DA:23,1
DA:24,1
DA:25,1
DA:26,1
DA:27,1
DA:29,1
DA:30,1
DA:31,1
LF:16
LH:16
BRF:0
BRH:0
FNF:1
FNH:1
end_of_record
SF:C:\Users\Usuario\source\repos\api-encuesta\Application\Services\DescriptionGeneratorService.cs
FN:35,System.Void Application.Services.DescriptionGeneratorService::GenerateOptionsDescriptions(System.Collections.Generic.IEnumerable`1<Domain.Entities.SurveyOption>,Domain.Entities.AnswerSelected)
FNDA:0,System.Void Application.Services.DescriptionGeneratorService::GenerateOptionsDescriptions(System.Collections.Generic.IEnumerable`1<Domain.Entities.SurveyOption>,Domain.Entities.AnswerSelected)
DA:36,0
DA:37,0
DA:38,0
DA:39,0
DA:41,0
DA:42,0
BRDA:38,44,0,0
BRDA:38,44,1,0
FN:13,System.Void Application.Services.DescriptionGeneratorService::.ctor(Domain.Interfaces.Infraestructure.ISurveyRepository)
FNDA:0,System.Void Application.Services.DescriptionGeneratorService::.ctor(Domain.Interfaces.Infraestructure.ISurveyRepository)
DA:14,0
DA:15,0
DA:16,0
DA:17,0
FN:19,System.Void Application.Services.DescriptionGeneratorService/<GenerateSurveysDescriptions>d__2::MoveNext()
FNDA:0,System.Void Application.Services.DescriptionGeneratorService/<GenerateSurveysDescriptions>d__2::MoveNext()
DA:20,0
DA:21,0
DA:22,0
DA:23,0
DA:25,0
DA:26,0
DA:28,0
DA:30,0
DA:31,0
DA:33,0
BRDA:21,313,1,0
BRDA:25,216,0,0
BRDA:25,216,1,0
BRDA:21,313,0,0
LF:20
LH:0
BRF:6
BRH:0
FNF:3
FNH:0
end_of_record
SF:C:\Users\Usuario\source\repos\api-encuesta\Application\Managers\AnswerManager.cs
FN:14,System.Void Application.Managers.AnswerManager::.ctor(Domain.Interfaces.Infraestructure.IAnswerRepository,Domain.Interfaces.Infraestructure.ISurveyRepository,Domain.Interfaces.Application.IDescriptionGeneratorService)
FNDA:4,System.Void Application.Managers.AnswerManager::.ctor(Domain.Interfaces.Infraestructure.IAnswerRepository,Domain.Interfaces.Infraestructure.ISurveyRepository,Domain.Interfaces.Application.IDescriptionGeneratorService)
DA:15,4
DA:16,4
DA:17,4
DA:18,4
DA:19,4
DA:20,4
DA:21,4
FN:23,System.Void Application.Managers.AnswerManager/<Get>d__4::MoveNext()
FNDA:1,System.Void Application.Managers.AnswerManager/<Get>d__4::MoveNext()
DA:24,1
DA:25,1
DA:26,1
FN:28,System.Void Application.Managers.AnswerManager/<Create>d__5::MoveNext()
FNDA:1,System.Void Application.Managers.AnswerManager/<Create>d__5::MoveNext()
DA:29,1
DA:30,1
DA:32,1
DA:34,1
DA:35,1
FN:37,System.Void Application.Managers.AnswerManager/<Update>d__6::MoveNext()
FNDA:1,System.Void Application.Managers.AnswerManager/<Update>d__6::MoveNext()
DA:38,1
DA:39,1
DA:40,1
FN:42,System.Void Application.Managers.AnswerManager/<Delete>d__7::MoveNext()
FNDA:1,System.Void Application.Managers.AnswerManager/<Delete>d__7::MoveNext()
DA:43,1
DA:44,1
DA:45,1
LF:21
LH:21
BRF:0
BRH:0
FNF:5
FNH:5
end_of_record
SF:C:\Users\Usuario\source\repos\api-encuesta\Application\Managers\SurveyManager.cs
FN:12,System.Void Application.Managers.SurveyManager::.ctor(Domain.Interfaces.Infraestructure.ISurveyRepository)
FNDA:4,System.Void Application.Managers.SurveyManager::.ctor(Domain.Interfaces.Infraestructure.ISurveyRepository)
DA:13,4
DA:14,4
DA:15,4
DA:16,4
FN:18,System.Void Application.Managers.SurveyManager/<Get>d__2::MoveNext()
FNDA:1,System.Void Application.Managers.SurveyManager/<Get>d__2::MoveNext()
DA:19,1
DA:20,1
DA:21,1
FN:23,System.Void Application.Managers.SurveyManager/<Create>d__3::MoveNext()
FNDA:1,System.Void Application.Managers.SurveyManager/<Create>d__3::MoveNext()
DA:24,1
DA:25,1
DA:27,5
DA:28,1
DA:29,1
DA:30,1
DA:32,1
DA:33,1
BRDA:27,126,1,1
BRDA:27,126,0,1
FN:35,System.Void Application.Managers.SurveyManager/<Update>d__4::MoveNext()
FNDA:1,System.Void Application.Managers.SurveyManager/<Update>d__4::MoveNext()
DA:36,1
DA:37,1
DA:38,1
FN:40,System.Void Application.Managers.SurveyManager/<Delete>d__5::MoveNext()
FNDA:1,System.Void Application.Managers.SurveyManager/<Delete>d__5::MoveNext()
DA:41,1
DA:42,1
DA:43,1
LF:21
LH:21
BRF:2
BRH:2
FNF:5
FNH:5
end_of_record
SF:C:\Users\Usuario\source\repos\api-encuesta\Application\Managers\TokenManager.cs
FN:15,Domain.Entities.TokenResponse Application.Managers.TokenManager::GetToken(Domain.Entities.TokenRequest)
FNDA:1,Domain.Entities.TokenResponse Application.Managers.TokenManager::GetToken(Domain.Entities.TokenRequest)
DA:16,1
DA:17,1
DA:19,1
DA:20,1
DA:21,1
DA:22,1
DA:23,1
FN:9,System.Void Application.Managers.TokenManager::.ctor(Domain.Interfaces.Application.IJwtService)
FNDA:1,System.Void Application.Managers.TokenManager::.ctor(Domain.Interfaces.Application.IJwtService)
DA:10,1
DA:11,1
DA:12,1
DA:13,1
LF:11
LH:11
BRF:0
BRH:0
FNF:2
FNH:2
end_of_record
SF:C:\Users\Usuario\source\repos\api-encuesta\Domain\Exceptions\EntityNotFoundException.cs
FN:9,System.Void Domain.Exceptions.EntityNotFoundException`1::.ctor(System.String)
FNDA:0,System.Void Domain.Exceptions.EntityNotFoundException`1::.ctor(System.String)
DA:10,0
DA:11,0
LF:2
LH:0
BRF:0
BRH:0
FNF:1
FNH:0
end_of_record
SF:C:\Users\Usuario\source\repos\api-encuesta\Domain\Entities\Answer.cs
FN:7,System.String Domain.Entities.Answer::get_Id()
FNDA:10,System.String Domain.Entities.Answer::get_Id()
DA:8,10
FN:8,System.String Domain.Entities.Answer::get_User()
FNDA:9,System.String Domain.Entities.Answer::get_User()
DA:9,9
FN:9,System.Collections.Generic.IEnumerable`1<Domain.Entities.AnswerSelected> Domain.Entities.Answer::get_AnswerSelected()
FNDA:28,System.Collections.Generic.IEnumerable`1<Domain.Entities.AnswerSelected> Domain.Entities.Answer::get_AnswerSelected()
DA:10,28
FN:12,System.String Domain.Entities.Answer::GenerateGuid()
FNDA:1,System.String Domain.Entities.Answer::GenerateGuid()
DA:13,1
DA:14,1
DA:15,1
LF:6
LH:6
BRF:0
BRH:0
FNF:4
FNH:4
end_of_record
SF:C:\Users\Usuario\source\repos\api-encuesta\Domain\Entities\AnswerSelected.cs
FN:4,System.String Domain.Entities.AnswerSelected::get_IdQuestion()
FNDA:9,System.String Domain.Entities.AnswerSelected::get_IdQuestion()
DA:5,9
FN:5,System.String Domain.Entities.AnswerSelected::get_QuestionDescription()
FNDA:9,System.String Domain.Entities.AnswerSelected::get_QuestionDescription()
DA:6,9
FN:6,System.String Domain.Entities.AnswerSelected::get_IdOption()
FNDA:9,System.String Domain.Entities.AnswerSelected::get_IdOption()
DA:7,9
FN:7,System.String Domain.Entities.AnswerSelected::get_OptionDescription()
FNDA:9,System.String Domain.Entities.AnswerSelected::get_OptionDescription()
DA:8,9
LF:4
LH:4
BRF:0
BRH:0
FNF:4
FNH:4
end_of_record
SF:C:\Users\Usuario\source\repos\api-encuesta\Domain\Entities\Survey.cs
FN:7,System.String Domain.Entities.Survey::get_Id()
FNDA:10,System.String Domain.Entities.Survey::get_Id()
DA:8,10
FN:8,System.String Domain.Entities.Survey::get_Question()
FNDA:9,System.String Domain.Entities.Survey::get_Question()
DA:9,9
FN:9,System.Collections.Generic.IEnumerable`1<Domain.Entities.SurveyOption> Domain.Entities.Survey::get_Options()
FNDA:10,System.Collections.Generic.IEnumerable`1<Domain.Entities.SurveyOption> Domain.Entities.Survey::get_Options()
DA:10,10
FN:12,System.String Domain.Entities.Survey::GenerateGuid()
FNDA:2,System.String Domain.Entities.Survey::GenerateGuid()
DA:13,2
DA:14,2
DA:15,2
LF:6
LH:6
BRF:0
BRH:0
FNF:4
FNH:4
end_of_record
SF:C:\Users\Usuario\source\repos\api-encuesta\Domain\Entities\SurveyOption.cs
FN:4,System.String Domain.Entities.SurveyOption::get_Id()
FNDA:0,System.String Domain.Entities.SurveyOption::get_Id()
DA:5,0
FN:5,System.String Domain.Entities.SurveyOption::get_Option()
FNDA:9,System.String Domain.Entities.SurveyOption::get_Option()
DA:6,9
LF:2
LH:1
BRF:0
BRH:0
FNF:2
FNH:1
end_of_record
SF:C:\Users\Usuario\source\repos\api-encuesta\Domain\Entities\TokenRequest.cs
FN:4,System.String Domain.Entities.TokenRequest::get_User()
FNDA:4,System.String Domain.Entities.TokenRequest::get_User()
DA:5,4
FN:6,System.String Domain.Entities.TokenRequest::get_Password()
FNDA:0,System.String Domain.Entities.TokenRequest::get_Password()
DA:7,0
LF:2
LH:1
BRF:0
BRH:0
FNF:2
FNH:1
end_of_record
SF:C:\Users\Usuario\source\repos\api-encuesta\Domain\Entities\TokenResponse.cs
FN:4,System.String Domain.Entities.TokenResponse::get_Token()
FNDA:4,System.String Domain.Entities.TokenResponse::get_Token()
DA:5,4
LF:1
LH:1
BRF:0
BRH:0
FNF:1
FNH:1
end_of_record