SF:C:\Users\Usuario\source\repos\api-encuesta\api-encuesta\Startup.cs
FN:19,Microsoft.Extensions.Configuration.IConfiguration api_encuesta.Startup::get_Configuration()
FNDA:0,Microsoft.Extensions.Configuration.IConfiguration api_encuesta.Startup::get_Configuration()
DA:20,0
FN:20,System.Object api_encuesta.Startup::get_ValidateIssuerSigningKey()
FNDA:0,System.Object api_encuesta.Startup::get_ValidateIssuerSigningKey()
DA:21,0
FN:24,System.Void api_encuesta.Startup::ConfigureServices(Microsoft.Extensions.DependencyInjection.IServiceCollection)
FNDA:0,System.Void api_encuesta.Startup::ConfigureServices(Microsoft.Extensions.DependencyInjection.IServiceCollection)
DA:25,0
DA:26,0
DA:27,0
DA:28,0
DA:30,0
FN:33,System.Void api_encuesta.Startup::Configure(Microsoft.AspNetCore.Builder.IApplicationBuilder,Microsoft.AspNetCore.Hosting.IWebHostEnvironment)
FNDA:0,System.Void api_encuesta.Startup::Configure(Microsoft.AspNetCore.Builder.IApplicationBuilder,Microsoft.AspNetCore.Hosting.IWebHostEnvironment)
DA:34,0
DA:35,0
DA:36,0
DA:37,0
DA:38,0
DA:40,0
DA:41,0
DA:42,0
DA:43,0
DA:45,0
DA:46,0
DA:47,0
DA:48,0
DA:49,0
BRDA:35,9,0,0
BRDA:35,9,1,0
LF:21
LH:0
BRF:2
BRH:0
FNF:4
FNH:0
end_of_record
SF:C:\Users\Usuario\source\repos\api-encuesta\api-encuesta\Models\AnswerModel.cs
FN:6,System.String api_encuesta.Models.AnswerModel::get_Id()
FNDA:0,System.String api_encuesta.Models.AnswerModel::get_Id()
DA:7,0
FN:7,System.String api_encuesta.Models.AnswerModel::get_User()
FNDA:0,System.String api_encuesta.Models.AnswerModel::get_User()
DA:8,0
FN:8,System.Collections.Generic.IEnumerable`1<api_encuesta.Models.AnswerSelectedModel> api_encuesta.Models.AnswerModel::get_AnswerSelected()
FNDA:0,System.Collections.Generic.IEnumerable`1<api_encuesta.Models.AnswerSelectedModel> api_encuesta.Models.AnswerModel::get_AnswerSelected()
DA:9,0
LF:3
LH:0
BRF:0
BRH:0
FNF:3
FNH:0
end_of_record
SF:C:\Users\Usuario\source\repos\api-encuesta\api-encuesta\Models\AnswerSelectedModel.cs
FN:4,System.String api_encuesta.Models.AnswerSelectedModel::get_IdQuestion()
FNDA:0,System.String api_encuesta.Models.AnswerSelectedModel::get_IdQuestion()
DA:5,0
FN:5,System.String api_encuesta.Models.AnswerSelectedModel::get_QuestionDescription()
FNDA:0,System.String api_encuesta.Models.AnswerSelectedModel::get_QuestionDescription()
DA:6,0
FN:6,System.String api_encuesta.Models.AnswerSelectedModel::get_IdOption()
FNDA:0,System.String api_encuesta.Models.AnswerSelectedModel::get_IdOption()
DA:7,0
FN:7,System.String api_encuesta.Models.AnswerSelectedModel::get_OptionDescription()
FNDA:0,System.String api_encuesta.Models.AnswerSelectedModel::get_OptionDescription()
DA:8,0
LF:4
LH:0
BRF:0
BRH:0
FNF:4
FNH:0
end_of_record
SF:C:\Users\Usuario\source\repos\api-encuesta\api-encuesta\Models\SurveyModel.cs
FN:6,System.String api_encuesta.Models.SurveyModel::get_Id()
FNDA:0,System.String api_encuesta.Models.SurveyModel::get_Id()
DA:7,0
FN:7,System.String api_encuesta.Models.SurveyModel::get_Question()
FNDA:0,System.String api_encuesta.Models.SurveyModel::get_Question()
DA:8,0
FN:8,System.Collections.Generic.IEnumerable`1<api_encuesta.Models.SurveyOptionModel> api_encuesta.Models.SurveyModel::get_Options()
FNDA:0,System.Collections.Generic.IEnumerable`1<api_encuesta.Models.SurveyOptionModel> api_encuesta.Models.SurveyModel::get_Options()
DA:9,0
LF:3
LH:0
BRF:0
BRH:0
FNF:3
FNH:0
end_of_record
SF:C:\Users\Usuario\source\repos\api-encuesta\api-encuesta\Models\SurveyOptionModel.cs
FN:4,System.String api_encuesta.Models.SurveyOptionModel::get_Id()
FNDA:0,System.String api_encuesta.Models.SurveyOptionModel::get_Id()
DA:5,0
FN:5,System.String api_encuesta.Models.SurveyOptionModel::get_Option()
FNDA:0,System.String api_encuesta.Models.SurveyOptionModel::get_Option()
DA:6,0
LF:2
LH:0
BRF:0
BRH:0
FNF:2
FNH:0
end_of_record
SF:C:\Users\Usuario\source\repos\api-encuesta\api-encuesta\Models\TokenRequestModel.cs
FN:4,System.String api_encuesta.Models.TokenRequestModel::get_User()
FNDA:0,System.String api_encuesta.Models.TokenRequestModel::get_User()
DA:5,0
FN:6,System.String api_encuesta.Models.TokenRequestModel::get_Password()
FNDA:0,System.String api_encuesta.Models.TokenRequestModel::get_Password()
DA:7,0
LF:2
LH:0
BRF:0
BRH:0
FNF:2
FNH:0
end_of_record
SF:C:\Users\Usuario\source\repos\api-encuesta\api-encuesta\Models\TokenResponseModel.cs
FN:4,System.String api_encuesta.Models.TokenResponseModel::get_Token()
FNDA:0,System.String api_encuesta.Models.TokenResponseModel::get_Token()
DA:5,0
LF:1
LH:0
BRF:0
BRH:0
FNF:1
FNH:0
end_of_record
SF:C:\Users\Usuario\source\repos\api-encuesta\api-encuesta\Mappers\AutoMapping.cs
FN:9,System.Void api_encuesta.Mappers.AutoMapping::.ctor()
FNDA:0,System.Void api_encuesta.Mappers.AutoMapping::.ctor()
DA:10,0
DA:11,0
DA:12,0
DA:13,0
DA:14,0
DA:15,0
DA:16,0
DA:17,0
DA:18,0
DA:19,0
DA:20,0
DA:21,0
DA:22,0
LF:13
LH:0
BRF:0
BRH:0
FNF:1
FNH:0
end_of_record
SF:C:\Users\Usuario\source\repos\api-encuesta\api-encuesta\Controllers\AnswerController.cs
FN:19,System.Void api_encuesta.Controllers.AnswerController::.ctor(Domain.Interfaces.Application.IAnswerManager,AutoMapper.IMapper)
FNDA:4,System.Void api_encuesta.Controllers.AnswerController::.ctor(Domain.Interfaces.Application.IAnswerManager,AutoMapper.IMapper)
DA:20,4
DA:21,4
DA:22,4
DA:23,4
DA:24,4
FN:26,System.Void api_encuesta.Controllers.AnswerController/<Get>d__3::MoveNext()
FNDA:1,System.Void api_encuesta.Controllers.AnswerController/<Get>d__3::MoveNext()
DA:27,1
DA:28,1
DA:29,1
DA:30,1
DA:31,1
FN:34,System.Void api_encuesta.Controllers.AnswerController/<Create>d__4::MoveNext()
FNDA:1,System.Void api_encuesta.Controllers.AnswerController/<Create>d__4::MoveNext()
DA:35,1
DA:36,1
DA:37,1
DA:38,1
DA:39,1
FN:42,System.Void api_encuesta.Controllers.AnswerController/<Update>d__5::MoveNext()
FNDA:1,System.Void api_encuesta.Controllers.AnswerController/<Update>d__5::MoveNext()
DA:43,1
DA:44,1
DA:45,1
DA:46,1
DA:47,1
FN:50,System.Void api_encuesta.Controllers.AnswerController/<Delete>d__6::MoveNext()
FNDA:1,System.Void api_encuesta.Controllers.AnswerController/<Delete>d__6::MoveNext()
DA:51,1
DA:52,1
DA:53,1
DA:54,1
LF:24
LH:24
BRF:0
BRH:0
FNF:5
FNH:5
end_of_record
SF:C:\Users\Usuario\source\repos\api-encuesta\api-encuesta\Controllers\AuthController.cs
FN:27,Microsoft.AspNetCore.Mvc.IActionResult api_encuesta.Controllers.AuthController::GetToken(api_encuesta.Models.TokenRequestModel)
FNDA:1,Microsoft.AspNetCore.Mvc.IActionResult api_encuesta.Controllers.AuthController::GetToken(api_encuesta.Models.TokenRequestModel)
DA:28,1
DA:30,1
DA:31,1
DA:33,1
DA:35,1
DA:37,1
DA:39,0
DA:40,0
DA:41,0
DA:43,1
FN:17,System.Void api_encuesta.Controllers.AuthController::.ctor(Domain.Interfaces.Application.ITokenManager,AutoMapper.IMapper)
FNDA:1,System.Void api_encuesta.Controllers.AuthController::.ctor(Domain.Interfaces.Application.ITokenManager,AutoMapper.IMapper)
DA:18,1
DA:19,1
DA:20,1
DA:21,1
DA:22,1
LF:15
LH:12
BRF:0
BRH:0
FNF:2
FNH:2
end_of_record
SF:C:\Users\Usuario\source\repos\api-encuesta\api-encuesta\Controllers\SurveyController.cs
FN:19,System.Void api_encuesta.Controllers.SurveyController::.ctor(Domain.Interfaces.Application.ISurveyManager,AutoMapper.IMapper)
FNDA:4,System.Void api_encuesta.Controllers.SurveyController::.ctor(Domain.Interfaces.Application.ISurveyManager,AutoMapper.IMapper)
DA:20,4
DA:21,4
DA:22,4
DA:23,4
DA:24,4
FN:26,System.Void api_encuesta.Controllers.SurveyController/<Get>d__3::MoveNext()
FNDA:1,System.Void api_encuesta.Controllers.SurveyController/<Get>d__3::MoveNext()
DA:27,1
DA:28,1
DA:29,1
DA:30,1
DA:31,1
FN:34,System.Void api_encuesta.Controllers.SurveyController/<Create>d__4::MoveNext()
FNDA:1,System.Void api_encuesta.Controllers.SurveyController/<Create>d__4::MoveNext()
DA:35,1
DA:36,1
DA:37,1
DA:38,1
DA:39,1
FN:42,System.Void api_encuesta.Controllers.SurveyController/<Update>d__5::MoveNext()
FNDA:1,System.Void api_encuesta.Controllers.SurveyController/<Update>d__5::MoveNext()
DA:43,1
DA:44,1
DA:45,1
DA:46,1
DA:47,1
FN:50,System.Void api_encuesta.Controllers.SurveyController/<Delete>d__6::MoveNext()
FNDA:1,System.Void api_encuesta.Controllers.SurveyController/<Delete>d__6::MoveNext()
DA:51,1
DA:52,1
DA:53,1
DA:54,1
LF:24
LH:24
BRF:0
BRH:0
FNF:5
FNH:5
end_of_record
SF:C:\Users\Usuario\source\repos\api-encuesta\Application\JwtService.cs
FN:13,System.String Application.JwtService::GenerateToken(System.String)
FNDA:0,System.String Application.JwtService::GenerateToken(System.String)
DA:14,0
DA:15,0
DA:16,0
DA:17,0
DA:18,0
DA:19,0
DA:20,0
DA:22,0
DA:23,0
DA:24,0
DA:25,0
DA:26,0
DA:27,0
DA:29,0
DA:30,0
DA:31,0
LF:16
LH:0
BRF:0
BRH:0
FNF:1
FNH:0
end_of_record
SF:C:\Users\Usuario\source\repos\api-encuesta\Application\Services\DescriptionGeneratorService.cs
FN:35,System.Void Application.Services.DescriptionGeneratorService::GenerateOptionsDescriptions(System.Collections.Generic.IEnumerable`1<Domain.Entities.SurveyOption>,Domain.Entities.AnswerSelected)
FNDA:0,System.Void Application.Services.DescriptionGeneratorService::GenerateOptionsDescriptions(System.Collections.Generic.IEnumerable`1<Domain.Entities.SurveyOption>,Domain.Entities.AnswerSelected)
DA:36,0
DA:37,0
DA:38,0
DA:39,0
DA:41,0
DA:42,0
BRDA:38,44,0,0
BRDA:38,44,1,0
FN:13,System.Void Application.Services.DescriptionGeneratorService::.ctor(Domain.Interfaces.Infraestructure.ISurveyRepository)
FNDA:0,System.Void Application.Services.DescriptionGeneratorService::.ctor(Domain.Interfaces.Infraestructure.ISurveyRepository)
DA:14,0
DA:15,0
DA:16,0
DA:17,0
FN:19,System.Void Application.Services.DescriptionGeneratorService/<GenerateSurveysDescriptions>d__2::MoveNext()
FNDA:0,System.Void Application.Services.DescriptionGeneratorService/<GenerateSurveysDescriptions>d__2::MoveNext()
DA:20,0
DA:21,0
DA:22,0
DA:23,0
DA:25,0
DA:26,0
DA:28,0
DA:30,0
DA:31,0
DA:33,0
BRDA:21,313,1,0
BRDA:25,216,0,0
BRDA:25,216,1,0
BRDA:21,313,0,0
LF:20
LH:0
BRF:6
BRH:0
FNF:3
FNH:0
end_of_record
SF:C:\Users\Usuario\source\repos\api-encuesta\Application\Managers\AnswerManager.cs
FN:14,System.Void Application.Managers.AnswerManager::.ctor(Domain.Interfaces.Infraestructure.IAnswerRepository,Domain.Interfaces.Infraestructure.ISurveyRepository,Domain.Interfaces.Application.IDescriptionGeneratorService)
FNDA:0,System.Void Application.Managers.AnswerManager::.ctor(Domain.Interfaces.Infraestructure.IAnswerRepository,Domain.Interfaces.Infraestructure.ISurveyRepository,Domain.Interfaces.Application.IDescriptionGeneratorService)
DA:15,0
DA:16,0
DA:17,0
DA:18,0
DA:19,0
DA:20,0
DA:21,0
FN:23,System.Void Application.Managers.AnswerManager/<Get>d__4::MoveNext()
FNDA:0,System.Void Application.Managers.AnswerManager/<Get>d__4::MoveNext()
DA:24,0
DA:25,0
DA:26,0
FN:28,System.Void Application.Managers.AnswerManager/<Create>d__5::MoveNext()
FNDA:0,System.Void Application.Managers.AnswerManager/<Create>d__5::MoveNext()
DA:29,0
DA:30,0
DA:32,0
DA:34,0
DA:35,0
FN:37,System.Void Application.Managers.AnswerManager/<Update>d__6::MoveNext()
FNDA:0,System.Void Application.Managers.AnswerManager/<Update>d__6::MoveNext()
DA:38,0
DA:39,0
DA:40,0
FN:42,System.Void Application.Managers.AnswerManager/<Delete>d__7::MoveNext()
FNDA:0,System.Void Application.Managers.AnswerManager/<Delete>d__7::MoveNext()
DA:43,0
DA:44,0
DA:45,0
LF:21
LH:0
BRF:0
BRH:0
FNF:5
FNH:0
end_of_record
SF:C:\Users\Usuario\source\repos\api-encuesta\Application\Managers\SurveyManager.cs
FN:12,System.Void Application.Managers.SurveyManager::.ctor(Domain.Interfaces.Infraestructure.ISurveyRepository)
FNDA:0,System.Void Application.Managers.SurveyManager::.ctor(Domain.Interfaces.Infraestructure.ISurveyRepository)
DA:13,0
DA:14,0
DA:15,0
DA:16,0
FN:18,System.Void Application.Managers.SurveyManager/<Get>d__2::MoveNext()
FNDA:0,System.Void Application.Managers.SurveyManager/<Get>d__2::MoveNext()
DA:19,0
DA:20,0
DA:21,0
FN:23,System.Void Application.Managers.SurveyManager/<Create>d__3::MoveNext()
FNDA:0,System.Void Application.Managers.SurveyManager/<Create>d__3::MoveNext()
DA:24,0
DA:25,0
DA:27,0
DA:28,0
DA:29,0
DA:30,0
DA:32,0
DA:33,0
BRDA:27,126,1,0
BRDA:27,126,0,0
FN:35,System.Void Application.Managers.SurveyManager/<Update>d__4::MoveNext()
FNDA:0,System.Void Application.Managers.SurveyManager/<Update>d__4::MoveNext()
DA:36,0
DA:37,0
DA:38,0
FN:40,System.Void Application.Managers.SurveyManager/<Delete>d__5::MoveNext()
FNDA:0,System.Void Application.Managers.SurveyManager/<Delete>d__5::MoveNext()
DA:41,0
DA:42,0
DA:43,0
LF:21
LH:0
BRF:2
BRH:0
FNF:5
FNH:0
end_of_record
SF:C:\Users\Usuario\source\repos\api-encuesta\Application\Managers\TokenManager.cs
FN:15,Domain.Entities.TokenResponse Application.Managers.TokenManager::GetToken(Domain.Entities.TokenRequest)
FNDA:0,Domain.Entities.TokenResponse Application.Managers.TokenManager::GetToken(Domain.Entities.TokenRequest)
DA:16,0
DA:17,0
DA:19,0
DA:20,0
DA:21,0
DA:22,0
DA:23,0
FN:9,System.Void Application.Managers.TokenManager::.ctor(Domain.Interfaces.Application.IJwtService)
FNDA:0,System.Void Application.Managers.TokenManager::.ctor(Domain.Interfaces.Application.IJwtService)
DA:10,0
DA:11,0
DA:12,0
DA:13,0
LF:11
LH:0
BRF:0
BRH:0
FNF:2
FNH:0
end_of_record
SF:C:\Users\Usuario\source\repos\api-encuesta\Domain\Exceptions\EntityNotFoundException.cs
FN:9,System.Void Domain.Exceptions.EntityNotFoundException`1::.ctor(System.String)
FNDA:0,System.Void Domain.Exceptions.EntityNotFoundException`1::.ctor(System.String)
DA:10,0
DA:11,0
LF:2
LH:0
BRF:0
BRH:0
FNF:1
FNH:0
end_of_record
SF:C:\Users\Usuario\source\repos\api-encuesta\Domain\Entities\Answer.cs
FN:7,System.String Domain.Entities.Answer::get_Id()
FNDA:0,System.String Domain.Entities.Answer::get_Id()
DA:8,0
FN:8,System.String Domain.Entities.Answer::get_User()
FNDA:0,System.String Domain.Entities.Answer::get_User()
DA:9,0
FN:9,System.Collections.Generic.IEnumerable`1<Domain.Entities.AnswerSelected> Domain.Entities.Answer::get_AnswerSelected()
FNDA:0,System.Collections.Generic.IEnumerable`1<Domain.Entities.AnswerSelected> Domain.Entities.Answer::get_AnswerSelected()
DA:10,0
FN:12,System.String Domain.Entities.Answer::GenerateGuid()
FNDA:0,System.String Domain.Entities.Answer::GenerateGuid()
DA:13,0
DA:14,0
DA:15,0
LF:6
LH:0
BRF:0
BRH:0
FNF:4
FNH:0
end_of_record
SF:C:\Users\Usuario\source\repos\api-encuesta\Domain\Entities\AnswerSelected.cs
FN:4,System.String Domain.Entities.AnswerSelected::get_IdQuestion()
FNDA:0,System.String Domain.Entities.AnswerSelected::get_IdQuestion()
DA:5,0
FN:5,System.String Domain.Entities.AnswerSelected::get_QuestionDescription()
FNDA:0,System.String Domain.Entities.AnswerSelected::get_QuestionDescription()
DA:6,0
FN:6,System.String Domain.Entities.AnswerSelected::get_IdOption()
FNDA:0,System.String Domain.Entities.AnswerSelected::get_IdOption()
DA:7,0
FN:7,System.String Domain.Entities.AnswerSelected::get_OptionDescription()
FNDA:0,System.String Domain.Entities.AnswerSelected::get_OptionDescription()
DA:8,0
LF:4
LH:0
BRF:0
BRH:0
FNF:4
FNH:0
end_of_record
SF:C:\Users\Usuario\source\repos\api-encuesta\Domain\Entities\Survey.cs
FN:7,System.String Domain.Entities.Survey::get_Id()
FNDA:0,System.String Domain.Entities.Survey::get_Id()
DA:8,0
FN:8,System.String Domain.Entities.Survey::get_Question()
FNDA:0,System.String Domain.Entities.Survey::get_Question()
DA:9,0
FN:9,System.Collections.Generic.IEnumerable`1<Domain.Entities.SurveyOption> Domain.Entities.Survey::get_Options()
FNDA:0,System.Collections.Generic.IEnumerable`1<Domain.Entities.SurveyOption> Domain.Entities.Survey::get_Options()
DA:10,0
FN:12,System.String Domain.Entities.Survey::GenerateGuid()
FNDA:0,System.String Domain.Entities.Survey::GenerateGuid()
DA:13,0
DA:14,0
DA:15,0
LF:6
LH:0
BRF:0
BRH:0
FNF:4
FNH:0
end_of_record
SF:C:\Users\Usuario\source\repos\api-encuesta\Domain\Entities\SurveyOption.cs
FN:4,System.String Domain.Entities.SurveyOption::get_Id()
FNDA:0,System.String Domain.Entities.SurveyOption::get_Id()
DA:5,0
FN:5,System.String Domain.Entities.SurveyOption::get_Option()
FNDA:0,System.String Domain.Entities.SurveyOption::get_Option()
DA:6,0
LF:2
LH:0
BRF:0
BRH:0
FNF:2
FNH:0
end_of_record
SF:C:\Users\Usuario\source\repos\api-encuesta\Domain\Entities\TokenRequest.cs
FN:4,System.String Domain.Entities.TokenRequest::get_User()
FNDA:0,System.String Domain.Entities.TokenRequest::get_User()
DA:5,0
FN:6,System.String Domain.Entities.TokenRequest::get_Password()
FNDA:0,System.String Domain.Entities.TokenRequest::get_Password()
DA:7,0
LF:2
LH:0
BRF:0
BRH:0
FNF:2
FNH:0
end_of_record
SF:C:\Users\Usuario\source\repos\api-encuesta\Domain\Entities\TokenResponse.cs
FN:4,System.String Domain.Entities.TokenResponse::get_Token()
FNDA:0,System.String Domain.Entities.TokenResponse::get_Token()
DA:5,0
LF:1
LH:0
BRF:0
BRH:0
FNF:1
FNH:0
end_of_record
SF:C:\Users\Usuario\source\repos\api-encuesta\infraestructure\MongoService.cs
FN:13,System.Void Infraestructure.MongoService::.ctor(System.String,MongoDB.Driver.IMongoClient)
FNDA:0,System.Void Infraestructure.MongoService::.ctor(System.String,MongoDB.Driver.IMongoClient)
DA:14,0
DA:15,0
DA:16,0
DA:17,0
DA:18,0
FN:20,System.Void Infraestructure.MongoService/<Get>d__3`1::MoveNext()
FNDA:0,System.Void Infraestructure.MongoService/<Get>d__3`1::MoveNext()
DA:21,0
DA:22,0
DA:23,0
DA:25,0
DA:26,0
FN:28,System.Void Infraestructure.MongoService/<Get>d__4`1::MoveNext()
FNDA:0,System.Void Infraestructure.MongoService/<Get>d__4`1::MoveNext()
DA:29,0
DA:30,0
DA:31,0
DA:32,0
DA:34,0
DA:35,0
FN:37,System.Void Infraestructure.MongoService/<Create>d__5`1::MoveNext()
FNDA:0,System.Void Infraestructure.MongoService/<Create>d__5`1::MoveNext()
DA:38,0
DA:39,0
DA:40,0
DA:41,0
FN:43,System.Void Infraestructure.MongoService/<Update>d__6`1::MoveNext()
FNDA:0,System.Void Infraestructure.MongoService/<Update>d__6`1::MoveNext()
DA:44,0
DA:45,0
DA:47,0
DA:48,0
DA:49,0
DA:50,0
FN:52,System.Void Infraestructure.MongoService/<Delete>d__7`1::MoveNext()
FNDA:0,System.Void Infraestructure.MongoService/<Delete>d__7`1::MoveNext()
DA:53,0
DA:54,0
DA:55,0
DA:56,0
DA:57,0
LF:31
LH:0
BRF:0
BRH:0
FNF:6
FNH:0
end_of_record
SF:C:\Users\Usuario\source\repos\api-encuesta\infraestructure\Repositories\AnswerRepository.cs
FN:18,System.Void Infraestructure.Repositories.AnswerRepository::.ctor(Infraestructure.Interfaces.IMongoService,Microsoft.Extensions.Configuration.IConfiguration,AutoMapper.IMapper)
FNDA:0,System.Void Infraestructure.Repositories.AnswerRepository::.ctor(Infraestructure.Interfaces.IMongoService,Microsoft.Extensions.Configuration.IConfiguration,AutoMapper.IMapper)
DA:19,0
DA:20,0
DA:21,0
DA:22,0
DA:23,0
DA:24,0
DA:25,0
FN:27,System.Void Infraestructure.Repositories.AnswerRepository/<Get>d__4::MoveNext()
FNDA:0,System.Void Infraestructure.Repositories.AnswerRepository/<Get>d__4::MoveNext()
DA:28,0
DA:29,0
DA:31,0
DA:33,0
DA:34,0
FN:36,System.Void Infraestructure.Repositories.AnswerRepository/<Create>d__5::MoveNext()
FNDA:0,System.Void Infraestructure.Repositories.AnswerRepository/<Create>d__5::MoveNext()
DA:37,0
DA:38,0
DA:40,0
DA:41,0
FN:43,System.Void Infraestructure.Repositories.AnswerRepository/<Update>d__6::MoveNext()
FNDA:0,System.Void Infraestructure.Repositories.AnswerRepository/<Update>d__6::MoveNext()
DA:44,0
DA:45,0
DA:47,0
DA:48,0
FN:50,System.Void Infraestructure.Repositories.AnswerRepository/<Delete>d__7::MoveNext()
FNDA:0,System.Void Infraestructure.Repositories.AnswerRepository/<Delete>d__7::MoveNext()
DA:51,0
DA:52,0
DA:53,0
LF:23
LH:0
BRF:0
BRH:0
FNF:5
FNH:0
end_of_record
SF:C:\Users\Usuario\source\repos\api-encuesta\infraestructure\Repositories\SurveyRepository.cs
FN:18,System.Void Infraestructure.Repositories.SurveyRepository::.ctor(Infraestructure.Interfaces.IMongoService,Microsoft.Extensions.Configuration.IConfiguration,AutoMapper.IMapper)
FNDA:0,System.Void Infraestructure.Repositories.SurveyRepository::.ctor(Infraestructure.Interfaces.IMongoService,Microsoft.Extensions.Configuration.IConfiguration,AutoMapper.IMapper)
DA:19,0
DA:20,0
DA:21,0
DA:22,0
DA:23,0
DA:24,0
DA:25,0
FN:27,System.Void Infraestructure.Repositories.SurveyRepository/<Get>d__4::MoveNext()
FNDA:0,System.Void Infraestructure.Repositories.SurveyRepository/<Get>d__4::MoveNext()
DA:28,0
DA:29,0
DA:31,0
DA:33,0
DA:34,0
FN:36,System.Void Infraestructure.Repositories.SurveyRepository/<Get>d__5::MoveNext()
FNDA:0,System.Void Infraestructure.Repositories.SurveyRepository/<Get>d__5::MoveNext()
DA:37,0
DA:38,0
DA:40,0
DA:42,0
DA:43,0
FN:45,System.Void Infraestructure.Repositories.SurveyRepository/<Create>d__6::MoveNext()
FNDA:0,System.Void Infraestructure.Repositories.SurveyRepository/<Create>d__6::MoveNext()
DA:46,0
DA:47,0
DA:49,0
DA:50,0
FN:52,System.Void Infraestructure.Repositories.SurveyRepository/<Update>d__7::MoveNext()
FNDA:0,System.Void Infraestructure.Repositories.SurveyRepository/<Update>d__7::MoveNext()
DA:53,0
DA:54,0
DA:56,0
DA:57,0
FN:59,System.Void Infraestructure.Repositories.SurveyRepository/<Delete>d__8::MoveNext()
FNDA:0,System.Void Infraestructure.Repositories.SurveyRepository/<Delete>d__8::MoveNext()
DA:60,0
DA:61,0
DA:62,0
LF:28
LH:0
BRF:0
BRH:0
FNF:6
FNH:0
end_of_record
SF:C:\Users\Usuario\source\repos\api-encuesta\infraestructure\Entities\AnswerEntity.cs
FN:6,System.String Infraestructure.Entities.AnswerEntity::get_Id()
FNDA:0,System.String Infraestructure.Entities.AnswerEntity::get_Id()
DA:7,0
FN:7,System.String Infraestructure.Entities.AnswerEntity::get_User()
FNDA:0,System.String Infraestructure.Entities.AnswerEntity::get_User()
DA:8,0
FN:8,System.Collections.Generic.IEnumerable`1<Infraestructure.Entities.AnswerSelectedEntity> Infraestructure.Entities.AnswerEntity::get_AnswerSelected()
FNDA:0,System.Collections.Generic.IEnumerable`1<Infraestructure.Entities.AnswerSelectedEntity> Infraestructure.Entities.AnswerEntity::get_AnswerSelected()
DA:9,0
LF:3
LH:0
BRF:0
BRH:0
FNF:3
FNH:0
end_of_record
SF:C:\Users\Usuario\source\repos\api-encuesta\infraestructure\Entities\AnswerSelectedEntity.cs
FN:4,System.String Infraestructure.Entities.AnswerSelectedEntity::get_IdQuestion()
FNDA:0,System.String Infraestructure.Entities.AnswerSelectedEntity::get_IdQuestion()
DA:5,0
FN:5,System.String Infraestructure.Entities.AnswerSelectedEntity::get_QuestionDescription()
FNDA:0,System.String Infraestructure.Entities.AnswerSelectedEntity::get_QuestionDescription()
DA:6,0
FN:6,System.String Infraestructure.Entities.AnswerSelectedEntity::get_IdOption()
FNDA:0,System.String Infraestructure.Entities.AnswerSelectedEntity::get_IdOption()
DA:7,0
FN:7,System.String Infraestructure.Entities.AnswerSelectedEntity::get_OptionDescription()
FNDA:0,System.String Infraestructure.Entities.AnswerSelectedEntity::get_OptionDescription()
DA:8,0
LF:4
LH:0
BRF:0
BRH:0
FNF:4
FNH:0
end_of_record
SF:C:\Users\Usuario\source\repos\api-encuesta\infraestructure\Entities\SurveyEntity.cs
FN:8,System.String Infraestructure.Entities.SurveyEntity::get_Id()
FNDA:0,System.String Infraestructure.Entities.SurveyEntity::get_Id()
DA:9,0
FN:9,System.String Infraestructure.Entities.SurveyEntity::get_Question()
FNDA:0,System.String Infraestructure.Entities.SurveyEntity::get_Question()
DA:10,0
FN:10,System.Collections.Generic.IEnumerable`1<Infraestructure.Entities.SurveyOptionEntity> Infraestructure.Entities.SurveyEntity::get_Options()
FNDA:0,System.Collections.Generic.IEnumerable`1<Infraestructure.Entities.SurveyOptionEntity> Infraestructure.Entities.SurveyEntity::get_Options()
DA:11,0
LF:3
LH:0
BRF:0
BRH:0
FNF:3
FNH:0
end_of_record
SF:C:\Users\Usuario\source\repos\api-encuesta\infraestructure\Entities\SurveyOptionEntity.cs
FN:7,System.String Infraestructure.Entities.SurveyOptionEntity::get_Id()
FNDA:0,System.String Infraestructure.Entities.SurveyOptionEntity::get_Id()
DA:8,0
FN:8,System.String Infraestructure.Entities.SurveyOptionEntity::get_Option()
FNDA:0,System.String Infraestructure.Entities.SurveyOptionEntity::get_Option()
DA:9,0
LF:2
LH:0
BRF:0
BRH:0
FNF:2
FNH:0
end_of_record