SF:C:\Users\Usuario\source\repos\api-encuesta\Domain\Exceptions\EntityNotFoundException.cs
FN:9,System.Void Domain.Exceptions.EntityNotFoundException`1::.ctor(System.String)
FNDA:0,System.Void Domain.Exceptions.EntityNotFoundException`1::.ctor(System.String)
DA:10,0
DA:11,0
LF:2
LH:0
BRF:0
BRH:0
FNF:1
FNH:0
end_of_record
SF:C:\Users\Usuario\source\repos\api-encuesta\Domain\Entities\Answer.cs
FN:7,System.String Domain.Entities.Answer::get_Id()
FNDA:7,System.String Domain.Entities.Answer::get_Id()
DA:8,7
FN:8,System.String Domain.Entities.Answer::get_User()
FNDA:7,System.String Domain.Entities.Answer::get_User()
DA:9,7
FN:9,System.Collections.Generic.IEnumerable`1<Domain.Entities.AnswerSelected> Domain.Entities.Answer::get_AnswerSelected()
FNDA:19,System.Collections.Generic.IEnumerable`1<Domain.Entities.AnswerSelected> Domain.Entities.Answer::get_AnswerSelected()
DA:10,19
FN:12,System.String Domain.Entities.Answer::GenerateGuid()
FNDA:0,System.String Domain.Entities.Answer::GenerateGuid()
DA:13,0
DA:14,0
DA:15,0
LF:6
LH:3
BRF:0
BRH:0
FNF:4
FNH:3
end_of_record
SF:C:\Users\Usuario\source\repos\api-encuesta\Domain\Entities\AnswerSelected.cs
FN:4,System.String Domain.Entities.AnswerSelected::get_IdQuestion()
FNDA:7,System.String Domain.Entities.AnswerSelected::get_IdQuestion()
DA:5,7
FN:5,System.String Domain.Entities.AnswerSelected::get_QuestionDescription()
FNDA:7,System.String Domain.Entities.AnswerSelected::get_QuestionDescription()
DA:6,7
FN:6,System.String Domain.Entities.AnswerSelected::get_IdOption()
FNDA:7,System.String Domain.Entities.AnswerSelected::get_IdOption()
DA:7,7
FN:7,System.String Domain.Entities.AnswerSelected::get_OptionDescription()
FNDA:7,System.String Domain.Entities.AnswerSelected::get_OptionDescription()
DA:8,7
LF:4
LH:4
BRF:0
BRH:0
FNF:4
FNH:4
end_of_record
SF:C:\Users\Usuario\source\repos\api-encuesta\Domain\Entities\Survey.cs
FN:7,System.String Domain.Entities.Survey::get_Id()
FNDA:7,System.String Domain.Entities.Survey::get_Id()
DA:8,7
FN:8,System.String Domain.Entities.Survey::get_Question()
FNDA:7,System.String Domain.Entities.Survey::get_Question()
DA:9,7
FN:9,System.Collections.Generic.IEnumerable`1<Domain.Entities.SurveyOption> Domain.Entities.Survey::get_Options()
FNDA:7,System.Collections.Generic.IEnumerable`1<Domain.Entities.SurveyOption> Domain.Entities.Survey::get_Options()
DA:10,7
FN:12,System.String Domain.Entities.Survey::GenerateGuid()
FNDA:0,System.String Domain.Entities.Survey::GenerateGuid()
DA:13,0
DA:14,0
DA:15,0
LF:6
LH:3
BRF:0
BRH:0
FNF:4
FNH:3
end_of_record
SF:C:\Users\Usuario\source\repos\api-encuesta\Domain\Entities\SurveyOption.cs
FN:4,System.String Domain.Entities.SurveyOption::get_Id()
FNDA:0,System.String Domain.Entities.SurveyOption::get_Id()
DA:5,0
FN:5,System.String Domain.Entities.SurveyOption::get_Option()
FNDA:7,System.String Domain.Entities.SurveyOption::get_Option()
DA:6,7
LF:2
LH:1
BRF:0
BRH:0
FNF:2
FNH:1
end_of_record
SF:C:\Users\Usuario\source\repos\api-encuesta\Domain\Entities\TokenRequest.cs
FN:4,System.String Domain.Entities.TokenRequest::get_User()
FNDA:0,System.String Domain.Entities.TokenRequest::get_User()
DA:5,0
FN:6,System.String Domain.Entities.TokenRequest::get_Password()
FNDA:0,System.String Domain.Entities.TokenRequest::get_Password()
DA:7,0
LF:2
LH:0
BRF:0
BRH:0
FNF:2
FNH:0
end_of_record
SF:C:\Users\Usuario\source\repos\api-encuesta\Domain\Entities\TokenResponse.cs
FN:4,System.String Domain.Entities.TokenResponse::get_Token()
FNDA:0,System.String Domain.Entities.TokenResponse::get_Token()
DA:5,0
LF:1
LH:0
BRF:0
BRH:0
FNF:1
FNH:0
end_of_record
SF:C:\Users\Usuario\source\repos\api-encuesta\infraestructure\MongoService.cs
FN:13,System.Void Infraestructure.MongoService::.ctor(System.String,MongoDB.Driver.IMongoClient)
FNDA:4,System.Void Infraestructure.MongoService::.ctor(System.String,MongoDB.Driver.IMongoClient)
DA:14,4
DA:15,4
DA:16,4
DA:17,4
DA:18,4
FN:20,System.Void Infraestructure.MongoService/<Get>d__3`1::MoveNext()
FNDA:1,System.Void Infraestructure.MongoService/<Get>d__3`1::MoveNext()
DA:21,1
DA:22,1
DA:23,1
DA:25,1
DA:26,1
FN:28,System.Void Infraestructure.MongoService/<Get>d__4`1::MoveNext()
FNDA:0,System.Void Infraestructure.MongoService/<Get>d__4`1::MoveNext()
DA:29,0
DA:30,0
DA:31,0
DA:32,0
DA:34,0
DA:35,0
FN:37,System.Void Infraestructure.MongoService/<Create>d__5`1::MoveNext()
FNDA:1,System.Void Infraestructure.MongoService/<Create>d__5`1::MoveNext()
DA:38,1
DA:39,1
DA:40,1
DA:41,1
FN:43,System.Void Infraestructure.MongoService/<Update>d__6`1::MoveNext()
FNDA:1,System.Void Infraestructure.MongoService/<Update>d__6`1::MoveNext()
DA:44,1
DA:45,1
DA:47,1
DA:48,1
DA:49,1
DA:50,1
FN:52,System.Void Infraestructure.MongoService/<Delete>d__7`1::MoveNext()
FNDA:1,System.Void Infraestructure.MongoService/<Delete>d__7`1::MoveNext()
DA:53,1
DA:54,1
DA:55,1
DA:56,1
DA:57,1
LF:31
LH:25
BRF:0
BRH:0
FNF:6
FNH:5
end_of_record
SF:C:\Users\Usuario\source\repos\api-encuesta\infraestructure\Repositories\AnswerRepository.cs
FN:18,System.Void Infraestructure.Repositories.AnswerRepository::.ctor(Infraestructure.Interfaces.IMongoService,Microsoft.Extensions.Configuration.IConfiguration,AutoMapper.IMapper)
FNDA:4,System.Void Infraestructure.Repositories.AnswerRepository::.ctor(Infraestructure.Interfaces.IMongoService,Microsoft.Extensions.Configuration.IConfiguration,AutoMapper.IMapper)
DA:19,4
DA:20,4
DA:21,4
DA:22,4
DA:23,4
DA:24,4
DA:25,4
FN:27,System.Void Infraestructure.Repositories.AnswerRepository/<Get>d__4::MoveNext()
FNDA:1,System.Void Infraestructure.Repositories.AnswerRepository/<Get>d__4::MoveNext()
DA:28,1
DA:29,1
DA:31,1
DA:33,1
DA:34,1
FN:36,System.Void Infraestructure.Repositories.AnswerRepository/<Create>d__5::MoveNext()
FNDA:1,System.Void Infraestructure.Repositories.AnswerRepository/<Create>d__5::MoveNext()
DA:37,1
DA:38,1
DA:40,1
DA:41,1
FN:43,System.Void Infraestructure.Repositories.AnswerRepository/<Update>d__6::MoveNext()
FNDA:1,System.Void Infraestructure.Repositories.AnswerRepository/<Update>d__6::MoveNext()
DA:44,1
DA:45,1
DA:47,1
DA:48,1
FN:50,System.Void Infraestructure.Repositories.AnswerRepository/<Delete>d__7::MoveNext()
FNDA:1,System.Void Infraestructure.Repositories.AnswerRepository/<Delete>d__7::MoveNext()
DA:51,1
DA:52,1
DA:53,1
LF:23
LH:23
BRF:0
BRH:0
FNF:5
FNH:5
end_of_record
SF:C:\Users\Usuario\source\repos\api-encuesta\infraestructure\Repositories\SurveyRepository.cs
FN:18,System.Void Infraestructure.Repositories.SurveyRepository::.ctor(Infraestructure.Interfaces.IMongoService,Microsoft.Extensions.Configuration.IConfiguration,AutoMapper.IMapper)
FNDA:4,System.Void Infraestructure.Repositories.SurveyRepository::.ctor(Infraestructure.Interfaces.IMongoService,Microsoft.Extensions.Configuration.IConfiguration,AutoMapper.IMapper)
DA:19,4
DA:20,4
DA:21,4
DA:22,4
DA:23,4
DA:24,4
DA:25,4
FN:27,System.Void Infraestructure.Repositories.SurveyRepository/<Get>d__4::MoveNext()
FNDA:1,System.Void Infraestructure.Repositories.SurveyRepository/<Get>d__4::MoveNext()
DA:28,1
DA:29,1
DA:31,1
DA:33,1
DA:34,1
FN:36,System.Void Infraestructure.Repositories.SurveyRepository/<Get>d__5::MoveNext()
FNDA:0,System.Void Infraestructure.Repositories.SurveyRepository/<Get>d__5::MoveNext()
DA:37,0
DA:38,0
DA:40,0
DA:42,0
DA:43,0
FN:45,System.Void Infraestructure.Repositories.SurveyRepository/<Create>d__6::MoveNext()
FNDA:1,System.Void Infraestructure.Repositories.SurveyRepository/<Create>d__6::MoveNext()
DA:46,1
DA:47,1
DA:49,1
DA:50,1
FN:52,System.Void Infraestructure.Repositories.SurveyRepository/<Update>d__7::MoveNext()
FNDA:1,System.Void Infraestructure.Repositories.SurveyRepository/<Update>d__7::MoveNext()
DA:53,1
DA:54,1
DA:56,1
DA:57,1
FN:59,System.Void Infraestructure.Repositories.SurveyRepository/<Delete>d__8::MoveNext()
FNDA:1,System.Void Infraestructure.Repositories.SurveyRepository/<Delete>d__8::MoveNext()
DA:60,1
DA:61,1
DA:62,1
LF:28
LH:23
BRF:0
BRH:0
FNF:6
FNH:5
end_of_record
SF:C:\Users\Usuario\source\repos\api-encuesta\infraestructure\Entities\AnswerEntity.cs
FN:6,System.String Infraestructure.Entities.AnswerEntity::get_Id()
FNDA:5,System.String Infraestructure.Entities.AnswerEntity::get_Id()
DA:7,5
FN:7,System.String Infraestructure.Entities.AnswerEntity::get_User()
FNDA:4,System.String Infraestructure.Entities.AnswerEntity::get_User()
DA:8,4
FN:8,System.Collections.Generic.IEnumerable`1<Infraestructure.Entities.AnswerSelectedEntity> Infraestructure.Entities.AnswerEntity::get_AnswerSelected()
FNDA:10,System.Collections.Generic.IEnumerable`1<Infraestructure.Entities.AnswerSelectedEntity> Infraestructure.Entities.AnswerEntity::get_AnswerSelected()
DA:9,10
LF:3
LH:3
BRF:0
BRH:0
FNF:3
FNH:3
end_of_record
SF:C:\Users\Usuario\source\repos\api-encuesta\infraestructure\Entities\AnswerSelectedEntity.cs
FN:4,System.String Infraestructure.Entities.AnswerSelectedEntity::get_IdQuestion()
FNDA:4,System.String Infraestructure.Entities.AnswerSelectedEntity::get_IdQuestion()
DA:5,4
FN:5,System.String Infraestructure.Entities.AnswerSelectedEntity::get_QuestionDescription()
FNDA:4,System.String Infraestructure.Entities.AnswerSelectedEntity::get_QuestionDescription()
DA:6,4
FN:6,System.String Infraestructure.Entities.AnswerSelectedEntity::get_IdOption()
FNDA:4,System.String Infraestructure.Entities.AnswerSelectedEntity::get_IdOption()
DA:7,4
FN:7,System.String Infraestructure.Entities.AnswerSelectedEntity::get_OptionDescription()
FNDA:4,System.String Infraestructure.Entities.AnswerSelectedEntity::get_OptionDescription()
DA:8,4
LF:4
LH:4
BRF:0
BRH:0
FNF:4
FNH:4
end_of_record
SF:C:\Users\Usuario\source\repos\api-encuesta\infraestructure\Entities\SurveyEntity.cs
FN:8,System.String Infraestructure.Entities.SurveyEntity::get_Id()
FNDA:5,System.String Infraestructure.Entities.SurveyEntity::get_Id()
DA:9,5
FN:9,System.String Infraestructure.Entities.SurveyEntity::get_Question()
FNDA:4,System.String Infraestructure.Entities.SurveyEntity::get_Question()
DA:10,4
FN:10,System.Collections.Generic.IEnumerable`1<Infraestructure.Entities.SurveyOptionEntity> Infraestructure.Entities.SurveyEntity::get_Options()
FNDA:4,System.Collections.Generic.IEnumerable`1<Infraestructure.Entities.SurveyOptionEntity> Infraestructure.Entities.SurveyEntity::get_Options()
DA:11,4
LF:3
LH:3
BRF:0
BRH:0
FNF:3
FNH:3
end_of_record
SF:C:\Users\Usuario\source\repos\api-encuesta\infraestructure\Entities\SurveyOptionEntity.cs
FN:7,System.String Infraestructure.Entities.SurveyOptionEntity::get_Id()
FNDA:0,System.String Infraestructure.Entities.SurveyOptionEntity::get_Id()
DA:8,0
FN:8,System.String Infraestructure.Entities.SurveyOptionEntity::get_Option()
FNDA:4,System.String Infraestructure.Entities.SurveyOptionEntity::get_Option()
DA:9,4
LF:2
LH:1
BRF:0
BRH:0
FNF:2
FNH:1
end_of_record